<?xml version="1.0" encoding="UTF-8"?>
<testsuite xmlns:xsi="http://www.w3.org/2001/XMLSchema-instance" xsi:noNamespaceSchemaLocation="https://maven.apache.org/surefire/maven-surefire-plugin/xsd/surefire-test-report.xsd" name="co.edu.unicauca.openmarket.domain.service.ProductServiceTest" time="0.031" tests="10" errors="0" skipped="0" failures="0">
  <properties>
[...]
</properties>
  <testcase name="testFindProductById" classname="co.edu.unicauca.openmarket.domain.service.ProductServiceTest" time="0.016"/>
  <testcase name="testSaveProduct" classname="co.edu.unicauca.openmarket.domain.service.ProductServiceTest" time="0.001"/>
  <testcase name="testEditProductNotFound" classname="co.edu.unicauca.openmarket.domain.service.ProductServiceTest" time="0.001"/>
  <testcase name="testFindAllProducts" classname="co.edu.unicauca.openmarket.domain.service.ProductServiceTest" time="0.001"/>
  <testcase name="testUndoProduct" classname="co.edu.unicauca.openmarket.domain.service.ProductServiceTest" time="0.001"/>
  <testcase name="testEditProduct" classname="co.edu.unicauca.openmarket.domain.service.ProductServiceTest" time="0.001"/>
  <testcase name="testDeleteProduct" classname="co.edu.unicauca.openmarket.domain.service.ProductServiceTest" time="0.001"/>
  <testcase name="testFindProductByIdNotFound" classname="co.edu.unicauca.openmarket.domain.service.ProductServiceTest" time="0.001"/>
  <testcase name="testDeleteProductNotFound" classname="co.edu.unicauca.openmarket.domain.service.ProductServiceTest" time="0"/>
  <testcase name="testSaveProductInvalidName" classname="co.edu.unicauca.openmarket.domain.service.ProductServiceTest" time="0"/>
</testsuite>